
2024-12-09 12:29:57.216299: Defining variables...
2024-12-09 12:29:57.217714: Opening and setting settings...
2024-12-09 12:29:57.218244: Checking for song presence...
2024-12-09 12:29:57.219187: Downloading new background song with link song...
2024-12-09 12:29:57.219997: Error downloading audio:regex_search: could not find match for (?:v=|\/)([0-9A-Za-z_-]{11}).*
2024-12-09 12:29:57.220440: Comparing old settings...
2024-12-09 12:29:57.221510: Invalid YT URL. Not playing music.
2024-12-09 12:29:57.222916: Defining functions...
2024-12-09 12:29:57.223068: Loaded main process in 0.006783962249755859 seconds
2024-12-09 12:30:01.202688: Defining variables...
2024-12-09 12:30:01.203438: Opening and setting settings...
2024-12-09 12:30:01.205250: Checking for song presence...
2024-12-09 12:30:01.205776: Downloading new background song with link song...
2024-12-09 12:30:01.206256: Error downloading audio:regex_search: could not find match for (?:v=|\/)([0-9A-Za-z_-]{11}).*
2024-12-09 12:30:01.206563: Comparing old settings...
2024-12-09 12:30:01.206958: Invalid YT URL. Not playing music.
2024-12-09 12:30:01.207168: Defining functions...
2024-12-09 12:30:01.207425: Loaded main process in 0.004744768142700195 seconds
2024-12-09 12:30:06.861217: Defining variables...
2024-12-09 12:30:06.861632: Opening and setting settings...
2024-12-09 12:30:06.863011: Checking for song presence...
2024-12-09 12:30:06.864435: Downloading new background song with link song...
2024-12-09 12:30:06.865180: Error downloading audio:regex_search: could not find match for (?:v=|\/)([0-9A-Za-z_-]{11}).*
2024-12-09 12:30:06.865518: Comparing old settings...
2024-12-09 12:30:06.865754: Invalid YT URL. Not playing music.
2024-12-09 12:30:06.865863: Defining functions...
2024-12-09 12:30:06.866007: Loaded main process in 0.0047914981842041016 seconds
2024-12-09 12:30:10.596449: playsound error Command '['/usr/bin/python3', '/home/supremeleader/.local/lib/python3.11/site-packages/playsound.py', '/home/supremeleader/Stronge_v0.11/Stronge-Releases-0.11.0/resources/song.mp4']' returned non-zero exit status 1.